<?xml version="1.0" encoding="UTF-8"?>
<!-- Generated by org.testng.reporters.JUnitReportReporter -->
<testsuite hostname="LAPTOP-22AEE7RA" failures="0" tests="2" name="TestRunner" time="6.457" errors="0" timestamp="2022-04-25T21:24:10 EDT" skipped="0">
  <testcase classname="TestRunner" name="runScenario" time="3.868"/>
  <system-out/>
  <testcase classname="TestRunner" name="runScenario" time="2.589"/>
  <system-out/>
</testsuite> <!-- TestRunner -->
