<?xml version="1.0" encoding="UTF-8"?>
<testsuite xmlns:xsi="http://www.w3.org/2001/XMLSchema-instance" xsi:noNamespaceSchemaLocation="https://maven.apache.org/surefire/maven-surefire-plugin/xsd/surefire-test-report-3.0.xsd" version="3.0" name="TestRunner" time="7.072" tests="2" errors="0" skipped="0" failures="0">
  <properties>
    <property name="java.specification.version" value="18"/>
    <property name="webdriver.chrome.driver" value="C:\Users\raham\.cache\selenium\chromedriver\win32\100.0.4896.60\chromedriver.exe"/>
    <property name="sun.cpu.isalist" value="amd64"/>
    <property name="sun.jnu.encoding" value="Cp1252"/>
    <property name="java.class.path" value="C:\Users\raham\Git\CucumberBDD1\CucumberBDD1\target\test-classes;C:\Users\raham\Git\CucumberBDD1\CucumberBDD1\target\classes;C:\Users\raham\.m2\repository\org\seleniumhq\selenium\selenium-java\3.141.59\selenium-java-3.141.59.jar;C:\Users\raham\.m2\repository\org\seleniumhq\selenium\selenium-api\3.141.59\selenium-api-3.141.59.jar;C:\Users\raham\.m2\repository\org\seleniumhq\selenium\selenium-chrome-driver\3.141.59\selenium-chrome-driver-3.141.59.jar;C:\Users\raham\.m2\repository\org\seleniumhq\selenium\selenium-edge-driver\3.141.59\selenium-edge-driver-3.141.59.jar;C:\Users\raham\.m2\repository\org\seleniumhq\selenium\selenium-firefox-driver\3.141.59\selenium-firefox-driver-3.141.59.jar;C:\Users\raham\.m2\repository\org\seleniumhq\selenium\selenium-ie-driver\3.141.59\selenium-ie-driver-3.141.59.jar;C:\Users\raham\.m2\repository\org\seleniumhq\selenium\selenium-opera-driver\3.141.59\selenium-opera-driver-3.141.59.jar;C:\Users\raham\.m2\repository\org\seleniumhq\selenium\selenium-remote-driver\3.141.59\selenium-remote-driver-3.141.59.jar;C:\Users\raham\.m2\repository\org\seleniumhq\selenium\selenium-safari-driver\3.141.59\selenium-safari-driver-3.141.59.jar;C:\Users\raham\.m2\repository\org\seleniumhq\selenium\selenium-support\3.141.59\selenium-support-3.141.59.jar;C:\Users\raham\.m2\repository\net\bytebuddy\byte-buddy\1.8.15\byte-buddy-1.8.15.jar;C:\Users\raham\.m2\repository\org\apache\commons\commons-exec\1.3\commons-exec-1.3.jar;C:\Users\raham\.m2\repository\com\google\guava\guava\25.0-jre\guava-25.0-jre.jar;C:\Users\raham\.m2\repository\com\google\code\findbugs\jsr305\1.3.9\jsr305-1.3.9.jar;C:\Users\raham\.m2\repository\org\checkerframework\checker-compat-qual\2.0.0\checker-compat-qual-2.0.0.jar;C:\Users\raham\.m2\repository\com\google\errorprone\error_prone_annotations\2.1.3\error_prone_annotations-2.1.3.jar;C:\Users\raham\.m2\repository\com\google\j2objc\j2objc-annotations\1.1\j2objc-annotations-1.1.jar;C:\Users\raham\.m2\repository\org\codehaus\mojo\animal-sniffer-annotations\1.14\animal-sniffer-annotations-1.14.jar;C:\Users\raham\.m2\repository\com\squareup\okhttp3\okhttp\3.11.0\okhttp-3.11.0.jar;C:\Users\raham\.m2\repository\com\squareup\okio\okio\1.14.0\okio-1.14.0.jar;C:\Users\raham\.m2\repository\io\cucumber\cucumber-java\6.10.0\cucumber-java-6.10.0.jar;C:\Users\raham\.m2\repository\io\cucumber\cucumber-core\6.10.0\cucumber-core-6.10.0.jar;C:\Users\raham\.m2\repository\io\cucumber\cucumber-gherkin\6.10.0\cucumber-gherkin-6.10.0.jar;C:\Users\raham\.m2\repository\io\cucumber\cucumber-gherkin-messages\6.10.0\cucumber-gherkin-messages-6.10.0.jar;C:\Users\raham\.m2\repository\io\cucumber\messages\14.0.1\messages-14.0.1.jar;C:\Users\raham\.m2\repository\io\cucumber\tag-expressions\3.0.0\tag-expressions-3.0.0.jar;C:\Users\raham\.m2\repository\io\cucumber\cucumber-expressions\10.3.0\cucumber-expressions-10.3.0.jar;C:\Users\raham\.m2\repository\io\cucumber\datatable\3.5.0\datatable-3.5.0.jar;C:\Users\raham\.m2\repository\io\cucumber\cucumber-plugin\6.10.0\cucumber-plugin-6.10.0.jar;C:\Users\raham\.m2\repository\io\cucumber\docstring\6.10.0\docstring-6.10.0.jar;C:\Users\raham\.m2\repository\io\cucumber\html-formatter\12.0.0\html-formatter-12.0.0.jar;C:\Users\raham\.m2\repository\io\cucumber\create-meta\3.0.0\create-meta-3.0.0.jar;C:\Users\raham\.m2\repository\org\apiguardian\apiguardian-api\1.1.1\apiguardian-api-1.1.1.jar;C:\Users\raham\.m2\repository\io\cucumber\cucumber-testng\6.10.0\cucumber-testng-6.10.0.jar;C:\Users\raham\.m2\repository\org\testng\testng\7.3.0\testng-7.3.0.jar;C:\Users\raham\.m2\repository\com\beust\jcommander\1.78\jcommander-1.78.jar;C:\Users\raham\.m2\repository\org\apache\ant\ant\1.10.3\ant-1.10.3.jar;C:\Users\raham\.m2\repository\org\apache\ant\ant-launcher\1.10.3\ant-launcher-1.10.3.jar;C:\Users\raham\.m2\repository\junit\junit\4.12\junit-4.12.jar;C:\Users\raham\.m2\repository\org\hamcrest\hamcrest-core\1.3\hamcrest-core-1.3.jar;C:\Users\raham\.m2\repository\com\google\inject\guice\4.2.2\guice-4.2.2-no_aop.jar;C:\Users\raham\.m2\repository\javax\inject\javax.inject\1\javax.inject-1.jar;C:\Users\raham\.m2\repository\aopalliance\aopalliance\1.0\aopalliance-1.0.jar;C:\Users\raham\.m2\repository\org\yaml\snakeyaml\1.21\snakeyaml-1.21.jar;C:\Users\raham\.m2\repository\io\github\bonigarcia\webdrivermanager\4.4.1\webdrivermanager-4.4.1.jar;C:\Users\raham\.m2\repository\org\slf4j\slf4j-api\1.7.30\slf4j-api-1.7.30.jar;C:\Users\raham\.m2\repository\commons-io\commons-io\2.8.0\commons-io-2.8.0.jar;C:\Users\raham\.m2\repository\com\google\code\gson\gson\2.8.6\gson-2.8.6.jar;C:\Users\raham\.m2\repository\org\apache\commons\commons-lang3\3.12.0\commons-lang3-3.12.0.jar;C:\Users\raham\.m2\repository\org\apache\httpcomponents\client5\httpclient5\5.0.3\httpclient5-5.0.3.jar;C:\Users\raham\.m2\repository\org\apache\httpcomponents\core5\httpcore5\5.0.2\httpcore5-5.0.2.jar;C:\Users\raham\.m2\repository\org\apache\httpcomponents\core5\httpcore5-h2\5.0.2\httpcore5-h2-5.0.2.jar;C:\Users\raham\.m2\repository\commons-codec\commons-codec\1.13\commons-codec-1.13.jar;C:\Users\raham\.m2\repository\org\rauschig\jarchivelib\1.1.0\jarchivelib-1.1.0.jar;C:\Users\raham\.m2\repository\org\apache\commons\commons-compress\1.20\commons-compress-1.20.jar;C:\Users\raham\.m2\repository\org\jsoup\jsoup\1.13.1\jsoup-1.13.1.jar;C:\Users\raham\.m2\repository\com\github\javafaker\javafaker\1.0.2\javafaker-1.0.2.jar;C:\Users\raham\.m2\repository\org\yaml\snakeyaml\1.23\snakeyaml-1.23-android.jar;C:\Users\raham\.m2\repository\com\github\mifmif\generex\1.0.2\generex-1.0.2.jar;C:\Users\raham\.m2\repository\dk\brics\automaton\automaton\1.11-8\automaton-1.11-8.jar;"/>
    <property name="java.vm.vendor" value="Oracle Corporation"/>
    <property name="sun.arch.data.model" value="64"/>
    <property name="user.variant" value=""/>
    <property name="java.vendor.url" value="https://java.oracle.com/"/>
    <property name="user.timezone" value="America/New_York"/>
    <property name="os.name" value="Windows 10"/>
    <property name="java.vm.specification.version" value="18"/>
    <property name="sun.java.launcher" value="SUN_STANDARD"/>
    <property name="user.country" value="US"/>
    <property name="sun.boot.library.path" value="C:\Program Files\Java\jdk-18.0.1\bin"/>
    <property name="sun.java.command" value="C:\Users\raham\AppData\Local\Temp\surefire17236141944025137951\surefirebooter4797701430681019073.jar C:\Users\raham\AppData\Local\Temp\surefire17236141944025137951 2022-04-25T21-24-02_847-jvmRun1 surefire11929923888128645863tmp surefire_06725357406769038609tmp"/>
    <property name="jdk.debug" value="release"/>
    <property name="surefire.test.class.path" value="C:\Users\raham\Git\CucumberBDD1\CucumberBDD1\target\test-classes;C:\Users\raham\Git\CucumberBDD1\CucumberBDD1\target\classes;C:\Users\raham\.m2\repository\org\seleniumhq\selenium\selenium-java\3.141.59\selenium-java-3.141.59.jar;C:\Users\raham\.m2\repository\org\seleniumhq\selenium\selenium-api\3.141.59\selenium-api-3.141.59.jar;C:\Users\raham\.m2\repository\org\seleniumhq\selenium\selenium-chrome-driver\3.141.59\selenium-chrome-driver-3.141.59.jar;C:\Users\raham\.m2\repository\org\seleniumhq\selenium\selenium-edge-driver\3.141.59\selenium-edge-driver-3.141.59.jar;C:\Users\raham\.m2\repository\org\seleniumhq\selenium\selenium-firefox-driver\3.141.59\selenium-firefox-driver-3.141.59.jar;C:\Users\raham\.m2\repository\org\seleniumhq\selenium\selenium-ie-driver\3.141.59\selenium-ie-driver-3.141.59.jar;C:\Users\raham\.m2\repository\org\seleniumhq\selenium\selenium-opera-driver\3.141.59\selenium-opera-driver-3.141.59.jar;C:\Users\raham\.m2\repository\org\seleniumhq\selenium\selenium-remote-driver\3.141.59\selenium-remote-driver-3.141.59.jar;C:\Users\raham\.m2\repository\org\seleniumhq\selenium\selenium-safari-driver\3.141.59\selenium-safari-driver-3.141.59.jar;C:\Users\raham\.m2\repository\org\seleniumhq\selenium\selenium-support\3.141.59\selenium-support-3.141.59.jar;C:\Users\raham\.m2\repository\net\bytebuddy\byte-buddy\1.8.15\byte-buddy-1.8.15.jar;C:\Users\raham\.m2\repository\org\apache\commons\commons-exec\1.3\commons-exec-1.3.jar;C:\Users\raham\.m2\repository\com\google\guava\guava\25.0-jre\guava-25.0-jre.jar;C:\Users\raham\.m2\repository\com\google\code\findbugs\jsr305\1.3.9\jsr305-1.3.9.jar;C:\Users\raham\.m2\repository\org\checkerframework\checker-compat-qual\2.0.0\checker-compat-qual-2.0.0.jar;C:\Users\raham\.m2\repository\com\google\errorprone\error_prone_annotations\2.1.3\error_prone_annotations-2.1.3.jar;C:\Users\raham\.m2\repository\com\google\j2objc\j2objc-annotations\1.1\j2objc-annotations-1.1.jar;C:\Users\raham\.m2\repository\org\codehaus\mojo\animal-sniffer-annotations\1.14\animal-sniffer-annotations-1.14.jar;C:\Users\raham\.m2\repository\com\squareup\okhttp3\okhttp\3.11.0\okhttp-3.11.0.jar;C:\Users\raham\.m2\repository\com\squareup\okio\okio\1.14.0\okio-1.14.0.jar;C:\Users\raham\.m2\repository\io\cucumber\cucumber-java\6.10.0\cucumber-java-6.10.0.jar;C:\Users\raham\.m2\repository\io\cucumber\cucumber-core\6.10.0\cucumber-core-6.10.0.jar;C:\Users\raham\.m2\repository\io\cucumber\cucumber-gherkin\6.10.0\cucumber-gherkin-6.10.0.jar;C:\Users\raham\.m2\repository\io\cucumber\cucumber-gherkin-messages\6.10.0\cucumber-gherkin-messages-6.10.0.jar;C:\Users\raham\.m2\repository\io\cucumber\messages\14.0.1\messages-14.0.1.jar;C:\Users\raham\.m2\repository\io\cucumber\tag-expressions\3.0.0\tag-expressions-3.0.0.jar;C:\Users\raham\.m2\repository\io\cucumber\cucumber-expressions\10.3.0\cucumber-expressions-10.3.0.jar;C:\Users\raham\.m2\repository\io\cucumber\datatable\3.5.0\datatable-3.5.0.jar;C:\Users\raham\.m2\repository\io\cucumber\cucumber-plugin\6.10.0\cucumber-plugin-6.10.0.jar;C:\Users\raham\.m2\repository\io\cucumber\docstring\6.10.0\docstring-6.10.0.jar;C:\Users\raham\.m2\repository\io\cucumber\html-formatter\12.0.0\html-formatter-12.0.0.jar;C:\Users\raham\.m2\repository\io\cucumber\create-meta\3.0.0\create-meta-3.0.0.jar;C:\Users\raham\.m2\repository\org\apiguardian\apiguardian-api\1.1.1\apiguardian-api-1.1.1.jar;C:\Users\raham\.m2\repository\io\cucumber\cucumber-testng\6.10.0\cucumber-testng-6.10.0.jar;C:\Users\raham\.m2\repository\org\testng\testng\7.3.0\testng-7.3.0.jar;C:\Users\raham\.m2\repository\com\beust\jcommander\1.78\jcommander-1.78.jar;C:\Users\raham\.m2\repository\org\apache\ant\ant\1.10.3\ant-1.10.3.jar;C:\Users\raham\.m2\repository\org\apache\ant\ant-launcher\1.10.3\ant-launcher-1.10.3.jar;C:\Users\raham\.m2\repository\junit\junit\4.12\junit-4.12.jar;C:\Users\raham\.m2\repository\org\hamcrest\hamcrest-core\1.3\hamcrest-core-1.3.jar;C:\Users\raham\.m2\repository\com\google\inject\guice\4.2.2\guice-4.2.2-no_aop.jar;C:\Users\raham\.m2\repository\javax\inject\javax.inject\1\javax.inject-1.jar;C:\Users\raham\.m2\repository\aopalliance\aopalliance\1.0\aopalliance-1.0.jar;C:\Users\raham\.m2\repository\org\yaml\snakeyaml\1.21\snakeyaml-1.21.jar;C:\Users\raham\.m2\repository\io\github\bonigarcia\webdrivermanager\4.4.1\webdrivermanager-4.4.1.jar;C:\Users\raham\.m2\repository\org\slf4j\slf4j-api\1.7.30\slf4j-api-1.7.30.jar;C:\Users\raham\.m2\repository\commons-io\commons-io\2.8.0\commons-io-2.8.0.jar;C:\Users\raham\.m2\repository\com\google\code\gson\gson\2.8.6\gson-2.8.6.jar;C:\Users\raham\.m2\repository\org\apache\commons\commons-lang3\3.12.0\commons-lang3-3.12.0.jar;C:\Users\raham\.m2\repository\org\apache\httpcomponents\client5\httpclient5\5.0.3\httpclient5-5.0.3.jar;C:\Users\raham\.m2\repository\org\apache\httpcomponents\core5\httpcore5\5.0.2\httpcore5-5.0.2.jar;C:\Users\raham\.m2\repository\org\apache\httpcomponents\core5\httpcore5-h2\5.0.2\httpcore5-h2-5.0.2.jar;C:\Users\raham\.m2\repository\commons-codec\commons-codec\1.13\commons-codec-1.13.jar;C:\Users\raham\.m2\repository\org\rauschig\jarchivelib\1.1.0\jarchivelib-1.1.0.jar;C:\Users\raham\.m2\repository\org\apache\commons\commons-compress\1.20\commons-compress-1.20.jar;C:\Users\raham\.m2\repository\org\jsoup\jsoup\1.13.1\jsoup-1.13.1.jar;C:\Users\raham\.m2\repository\com\github\javafaker\javafaker\1.0.2\javafaker-1.0.2.jar;C:\Users\raham\.m2\repository\org\yaml\snakeyaml\1.23\snakeyaml-1.23-android.jar;C:\Users\raham\.m2\repository\com\github\mifmif\generex\1.0.2\generex-1.0.2.jar;C:\Users\raham\.m2\repository\dk\brics\automaton\automaton\1.11-8\automaton-1.11-8.jar;"/>
    <property name="sun.cpu.endian" value="little"/>
    <property name="user.home" value="C:\Users\raham"/>
    <property name="user.language" value="en"/>
    <property name="java.specification.vendor" value="Oracle Corporation"/>
    <property name="java.version.date" value="2022-04-19"/>
    <property name="java.home" value="C:\Program Files\Java\jdk-18.0.1"/>
    <property name="file.separator" value="\"/>
    <property name="basedir" value="C:\Users\raham\Git\CucumberBDD1\CucumberBDD1"/>
    <property name="java.vm.compressedOopsMode" value="32-bit"/>
    <property name="line.separator" value="&#10;"/>
    <property name="java.vm.specification.vendor" value="Oracle Corporation"/>
    <property name="java.specification.name" value="Java Platform API Specification"/>
    <property name="surefire.real.class.path" value="C:\Users\raham\AppData\Local\Temp\surefire17236141944025137951\surefirebooter4797701430681019073.jar"/>
    <property name="user.script" value=""/>
    <property name="sun.management.compiler" value="HotSpot 64-Bit Tiered Compilers"/>
    <property name="java.runtime.version" value="18.0.1+10-24"/>
    <property name="user.name" value="raham"/>
    <property name="path.separator" value=";"/>
    <property name="os.version" value="10.0"/>
    <property name="java.runtime.name" value="Java(TM) SE Runtime Environment"/>
    <property name="file.encoding" value="UTF-8"/>
    <property name="java.vm.name" value="Java HotSpot(TM) 64-Bit Server VM"/>
    <property name="localRepository" value="C:\Users\raham\.m2\repository"/>
    <property name="java.vendor.url.bug" value="https://bugreport.java.com/bugreport/"/>
    <property name="java.io.tmpdir" value="C:\Users\raham\AppData\Local\Temp\"/>
    <property name="java.version" value="18.0.1"/>
    <property name="user.dir" value="C:\Users\raham\Git\CucumberBDD1\CucumberBDD1"/>
    <property name="os.arch" value="amd64"/>
    <property name="java.vm.specification.name" value="Java Virtual Machine Specification"/>
    <property name="sun.os.patch.level" value=""/>
    <property name="native.encoding" value="Cp1252"/>
    <property name="java.library.path" value="C:\Program Files\Java\jdk-18.0.1\bin;C:\windows\Sun\Java\bin;C:\windows\system32;C:\windows;C:\Program Files\Common Files\Oracle\Java\javapath;C:\Program Files (x86)\Common Files\Oracle\Java\javapath;C:\windows\system32;C:\windows;C:\windows\System32\Wbem;C:\windows\System32\WindowsPowerShell\v1.0\;C:\windows\System32\OpenSSH\;C:\Users\raham\apache-maven-3.8.2\bin;C:\Program Files\Java\jdk1.8.0_301\bin;C:\Program Files\nodejs\;C:\Program Files\Git\cmd;C:\Program Files\Java\jdk1.8.0_301\bin;C:\Users\raham\AppData\Roaming\npm;."/>
    <property name="java.vm.info" value="mixed mode, sharing"/>
    <property name="java.vendor" value="Oracle Corporation"/>
    <property name="java.vm.version" value="18.0.1+10-24"/>
    <property name="sun.io.unicode.encoding" value="UnicodeLittle"/>
    <property name="java.class.version" value="62.0"/>
  </properties>
  <testcase name="runScenario[&quot;User should be able to sign up with valid email address&quot;, &quot;Optional[TalentTEK sign up feature test suite]&quot;](1)" classname="TestRunner" time="3.892">
    <system-out><![CDATA[guillermo.king@example.com
]]></system-out>
    <system-err><![CDATA[SLF4J: Failed to load class "org.slf4j.impl.StaticLoggerBinder".
SLF4J: Defaulting to no-operation (NOP) logger implementation
SLF4J: See http://www.slf4j.org/codes.html#StaticLoggerBinder for further details.
Starting ChromeDriver 100.0.4896.60 (6a5d10861ce8de5fce22564658033b43cb7de047-refs/branch-heads/4896@{#875}) on port 15815
Only local connections are allowed.
Please see https://chromedriver.chromium.org/security-considerations for suggestions on keeping ChromeDriver safe.
ChromeDriver was started successfully.
Apr 25, 2022 9:24:05 PM org.openqa.selenium.remote.ProtocolHandshake createSession
INFO: Detected dialect: W3C
]]></system-err>
  </testcase>
  <testcase name="runScenario[&quot;User should not be able to sign up with  invalid email address&quot;, &quot;Optional[TalentTEK sign up feature test suite]&quot;](2)" classname="TestRunner" time="2.577">
    <system-err><![CDATA[Starting ChromeDriver 100.0.4896.60 (6a5d10861ce8de5fce22564658033b43cb7de047-refs/branch-heads/4896@{#875}) on port 44670
Only local connections are allowed.
Please see https://chromedriver.chromium.org/security-considerations for suggestions on keeping ChromeDriver safe.
ChromeDriver was started successfully.
Apr 25, 2022 9:24:08 PM org.openqa.selenium.remote.ProtocolHandshake createSession
INFO: Detected dialect: W3C
]]></system-err>
  </testcase>
</testsuite>